C:\TERRAF0RM\TERRAF0RM\TERRAF0RM\DEBUG\TERRAF0RM.EXE
C:\TERRAF0RM\TERRAF0RM\TERRAF0RM\DEBUG\TERRAF0RM.ILK
C:\TERRAF0RM\TERRAF0RM\TERRAF0RM\DEBUG\TERRAF0RM.PDB
C:\Terraf0rm\Terraf0rm\Terraf0rm\Terraf0rm\Debug\cl.command.1.tlog
C:\Terraf0rm\Terraf0rm\Terraf0rm\Terraf0rm\Debug\CL.read.1.tlog
C:\Terraf0rm\Terraf0rm\Terraf0rm\Terraf0rm\Debug\CL.write.1.tlog
C:\TERRAF0RM\TERRAF0RM\TERRAF0RM\TERRAF0RM\DEBUG\DISPLAYSETUP.OBJ
C:\Terraf0rm\Terraf0rm\Terraf0rm\Terraf0rm\Debug\link.command.1.tlog
C:\Terraf0rm\Terraf0rm\Terraf0rm\Terraf0rm\Debug\link.read.1.tlog
C:\Terraf0rm\Terraf0rm\Terraf0rm\Terraf0rm\Debug\link.write.1.tlog
C:\TERRAF0RM\TERRAF0RM\TERRAF0RM\TERRAF0RM\DEBUG\MAIN.OBJ
C:\Terraf0rm\Terraf0rm\Terraf0rm\Terraf0rm\Debug\mt.command.1.tlog
C:\Terraf0rm\Terraf0rm\Terraf0rm\Terraf0rm\Debug\mt.read.1.tlog
C:\Terraf0rm\Terraf0rm\Terraf0rm\Terraf0rm\Debug\mt.write.1.tlog
C:\TERRAF0RM\TERRAF0RM\TERRAF0RM\TERRAF0RM\DEBUG\TERRAF0RM.EXE.INTERMEDIATE.MANIFEST
C:\Terraf0rm\Terraf0rm\Terraf0rm\Terraf0rm\Debug\vc100.idb
C:\TERRAF0RM\TERRAF0RM\TERRAF0RM\TERRAF0RM\DEBUG\VC100.PDB
C:\USERS\KA1179\TERRAF0RM\TERRAF0RM\DEBUG\TERRAF0RM.EXE
C:\USERS\KA1179\TERRAF0RM\TERRAF0RM\DEBUG\TERRAF0RM.ILK
C:\USERS\KA1179\TERRAF0RM\TERRAF0RM\DEBUG\TERRAF0RM.PDB
C:\USERS\KA1179\TERRAF0RM\TERRAF0RM\TERRAF0RM\DEBUG\DISPLAYSETUP.OBJ
C:\USERS\KA1179\TERRAF0RM\TERRAF0RM\TERRAF0RM\DEBUG\MAIN.OBJ
C:\USERS\KA1179\TERRAF0RM\TERRAF0RM\TERRAF0RM\DEBUG\TERRAF0RM.EXE.INTERMEDIATE.MANIFEST
C:\USERS\KA1179\TERRAF0RM\TERRAF0RM\TERRAF0RM\DEBUG\VC100.PDB
